[2022-12-25 22:41:43.888] [info]  {
  name: 'print.JSc6N8IpX5qij85poAJrEpTPHD1uIJ3v',
  id: 'WVoWwc6gES:0:0',
  encoding: null,
  data: { data: { url: 'https://example.com' }, socket: null }
}
[2022-12-25 22:42:28.246] [info]  {
  name: 'print.JSc6N8IpX5qij85poAJrEpTPHD1uIJ3v',
  id: '0MBUYGLN1T:0:0',
  encoding: null,
  data: { url: 'https://example.com', socket: null }
}
[2022-12-25 23:25:49.298] [info]  0.1.3
[2022-12-25 23:27:46.997] [info]  checking for updates
[2022-12-25 23:27:47.255] [info]  0.1.3
[2022-12-25 23:30:06.088] [info]  checking for updates
[2022-12-25 23:30:06.248] [info]  0.1.3
[2022-12-25 23:32:40.400] [info]  checking for updates
[2022-12-25 23:32:40.668] [info]  0.1.3
[2022-12-25 23:35:18.867] [info]  0.1.3
[2022-12-25 23:35:41.223] [info]  0.1.3
[2022-12-25 23:35:51.547] [info]  0.1.3
